
Showing logs for build [32mcb-kubecd-environment-pr-5524-3-1[0m stage [32mmeta-pipeline[0m and container [32mstep-credential-initializer-585dh[0m
{"level":"warn","ts":1568739241.5469866,"logger":"fallback-logger","caller":"logging/config.go:69","msg":"Fetch GitHub commit ID from kodata failed: \"ref: refs/heads/master\" is not a valid GitHub commit ID"}
{"level":"info","ts":1568739241.5476696,"logger":"fallback-logger","caller":"creds-init/main.go:40","msg":"Credentials initialized."}

Showing logs for build [32mcb-kubecd-environment-pr-5524-3-1[0m stage [32mmeta-pipeline[0m and container [32mstep-working-dir-initializer-rh8f7[0m
{"level":"warn","ts":1568739242.8783767,"logger":"fallback-logger","caller":"logging/config.go:69","msg":"Fetch GitHub commit ID from kodata failed: open /var/run/ko/HEAD: no such file or directory"}
{"level":"info","ts":1568739242.8800807,"logger":"fallback-logger","caller":"bash/main.go:65","msg":"Successfully executed command \"mkdir -p /workspace/source\""}

Showing logs for build [32mcb-kubecd-environment-pr-5524-3-1[0m stage [32mmeta-pipeline[0m and container [32mstep-place-tools[0m

Showing logs for build [32mcb-kubecd-environment-pr-5524-3-1[0m stage [32mmeta-pipeline[0m and container [32mstep-git-source-meta-cb-kubecd-environment-pr-5-hdztt[0m
{"level":"warn","ts":1568739248.9545166,"logger":"fallback-logger","caller":"logging/config.go:69","msg":"Fetch GitHub commit ID from kodata failed: \"ref: refs/heads/master\" is not a valid GitHub commit ID"}
{"level":"info","ts":1568739250.0119088,"logger":"fallback-logger","caller":"git/git.go:102","msg":"Successfully cloned https://github.com/cb-kubecd/environment-pr-5524-3-tekton-gkebdd-staging.git @ 108092cb334708a93003ae56feb187eb59b0cefe in path /workspace/source"}

Showing logs for build [32mcb-kubecd-environment-pr-5524-3-1[0m stage [32mmeta-pipeline[0m and container [32mstep-git-merge[0m
Using SHAs from PULL_REFS=master:108092cb334708a93003ae56feb187eb59b0cefe,1:0b03c9db3bfb642a97d0c7756ae554b89631eb35
DEBUG: ran git fetch --unshallow origin 0b03c9db3bfb642a97d0c7756ae554b89631eb35: 108092cb334708a93003ae56feb187eb59b0cefe: in 
DEBUG: ran git checkout master in 
DEBUG: ran git reset --hard 108092cb334708a93003ae56feb187eb59b0cefe in 
DEBUG: ran clean --force -d . in 
DEBUG: ran git merge 0b03c9db3bfb642a97d0c7756ae554b89631eb35 in 
Merged SHA 0b03c9db3bfb642a97d0c7756ae554b89631eb35 with commit message 'chore: Promote bdd-spring-1568738889 to version 0.0.1' into base branch master

Showing logs for build [32mcb-kubecd-environment-pr-5524-3-1[0m stage [32mmeta-pipeline[0m and container [32mstep-merge-pull-refs[0m
DEBUG: ran git fetch origin 0b03c9db3bfb642a97d0c7756ae554b89631eb35: 108092cb334708a93003ae56feb187eb59b0cefe: in 
DEBUG: Unshallowed git repo in 
DEBUG: ran git checkout master in 
DEBUG: ran git reset --hard 108092cb334708a93003ae56feb187eb59b0cefe in 
DEBUG: ran clean --force -d . in 
DEBUG: ran git merge 0b03c9db3bfb642a97d0c7756ae554b89631eb35 in 
Merged SHA 0b03c9db3bfb642a97d0c7756ae554b89631eb35 with commit message 'chore: Promote bdd-spring-1568738889 to version 0.0.1' into base branch master

Showing logs for build [32mcb-kubecd-environment-pr-5524-3-1[0m stage [32mmeta-pipeline[0m and container [32mstep-create-effective-pipeline[0m
Deleting and cloning the Jenkins X versions repo
Cloning the Jenkins X versions repo https://github.com/jenkins-x/jenkins-x-versions.git with ref refs/heads/master to /builder/home/.**/jenkins-x-versions
selected pack: /builder/home/.**/draft/packs/github.com/jenkins-x-buildpacks/jenkins-x-kubernetes/packs/environment
Effective pipeline written to jenkins-x-promotion-build-effective.yml

Showing logs for build [32mcb-kubecd-environment-pr-5524-3-1[0m stage [32mmeta-pipeline[0m and container [32mstep-create-tekton-crds[0m
PipelineActivity for cb-kubecd-environment-pr-5524-3-tekton-gkebdd-staging-PR-1-1
Applying changes 
upserted PipelineResource cb-kubecd-environment-pr-5524-3 for the git repository https://github.com/cb-kubecd/environment-pr-5524-3-tekton-gkebdd-staging.git
upserted Task cb-kubecd-environment-pr-5524-3-from-build-pack-1
upserted Pipeline cb-kubecd-environment-pr-5524-3-1
created PipelineRun cb-kubecd-environment-pr-5524-3-1
created PipelineStructure cb-kubecd-environment-pr-5524-3-1

Showing logs for build [32mcb-kubecd-environment-pr-5524-3-1[0m stage [32mfrom-build-pack[0m and container [32mstep-credential-initializer-79df6[0m
{"level":"warn","ts":1568739261.2243812,"logger":"fallback-logger","caller":"logging/config.go:69","msg":"Fetch GitHub commit ID from kodata failed: \"ref: refs/heads/master\" is not a valid GitHub commit ID"}
{"level":"info","ts":1568739261.2264993,"logger":"fallback-logger","caller":"creds-init/main.go:40","msg":"Credentials initialized."}

Showing logs for build [32mcb-kubecd-environment-pr-5524-3-1[0m stage [32mfrom-build-pack[0m and container [32mstep-working-dir-initializer-67hht[0m
{"level":"warn","ts":1568739262.3005693,"logger":"fallback-logger","caller":"logging/config.go:69","msg":"Fetch GitHub commit ID from kodata failed: open /var/run/ko/HEAD: no such file or directory"}
{"level":"info","ts":1568739262.3605428,"logger":"fallback-logger","caller":"bash/main.go:65","msg":"Successfully executed command \"mkdir -p /workspace/source /workspace/source/env\""}

Showing logs for build [32mcb-kubecd-environment-pr-5524-3-1[0m stage [32mfrom-build-pack[0m and container [32mstep-place-tools[0m

Showing logs for build [32mcb-kubecd-environment-pr-5524-3-1[0m stage [32mfrom-build-pack[0m and container [32mstep-git-source-cb-kubecd-environment-pr-5524-3-cbxpj[0m
{"level":"warn","ts":1568739326.4283895,"logger":"fallback-logger","caller":"logging/config.go:69","msg":"Fetch GitHub commit ID from kodata failed: \"ref: refs/heads/master\" is not a valid GitHub commit ID"}
{"level":"info","ts":1568739328.252987,"logger":"fallback-logger","caller":"git/git.go:102","msg":"Successfully cloned https://github.com/cb-kubecd/environment-pr-5524-3-tekton-gkebdd-staging.git @ master in path /workspace/source"}

Showing logs for build [32mcb-kubecd-environment-pr-5524-3-1[0m stage [32mfrom-build-pack[0m and container [32mstep-git-merge[0m
Using SHAs from PULL_REFS=master:108092cb334708a93003ae56feb187eb59b0cefe,1:0b03c9db3bfb642a97d0c7756ae554b89631eb35
DEBUG: ran git fetch origin 0b03c9db3bfb642a97d0c7756ae554b89631eb35: 108092cb334708a93003ae56feb187eb59b0cefe: in 
DEBUG: Unshallowed git repo in 
DEBUG: ran git checkout master in 
DEBUG: ran git reset --hard 108092cb334708a93003ae56feb187eb59b0cefe in 
DEBUG: ran clean --force -d . in 
DEBUG: ran git merge 0b03c9db3bfb642a97d0c7756ae554b89631eb35 in 
Merged SHA 0b03c9db3bfb642a97d0c7756ae554b89631eb35 with commit message 'chore: Promote bdd-spring-1568738889 to version 0.0.1' into base branch master

Showing logs for build [32mcb-kubecd-environment-pr-5524-3-1[0m stage [32mfrom-build-pack[0m and container [32mstep-build-helm-build[0m
WARNING: No $CHART_REPOSITORY defined so using the default value of: http://jenkins-x-chartmuseum:8080
Adding missing Helm repo: storage.googleapis.com https://storage.googleapis.com/chartmuseum.jenkins-x.io
Successfully added Helm repository storage.googleapis.com.
Adding missing Helm repo: jenkins-x-chartmuseum http://jenkins-x-chartmuseum:8080
Successfully added Helm repository jenkins-x-chartmuseum.
WARNING: No $CHART_REPOSITORY defined so using the default value of: http://jenkins-x-chartmuseum:8080
Adding missing Helm repo: chartmuseum.jenkins-x.io http://chartmuseum.jenkins-x.io
Successfully added Helm repository chartmuseum.jenkins-x.io.
